<?xml version="1.0" encoding="UTF-8"?>
<!-- Generated by org.testng.reporters.JUnitReportReporter -->
<testsuite hostname="HP-PC" failures="0" tests="1" name="testNgSTuff.TestClass" time="59.700" errors="0" timestamp="2023-05-07T22:34:41 EEST" skipped="0">
  <testcase classname="testNgSTuff.TestClass" name="TestGoogle" time="59.700"/>
  <system-out/>
</testsuite> <!-- testNgSTuff.TestClass -->
