<?xml version="1.0" encoding="UTF-8"?>
<!-- Generated by org.testng.reporters.JUnitReportReporter -->
<testsuite hostname="HP-PC" failures="0" tests="4" name="testNgSTuff.FlightBookingTest" time="0.030" errors="0" timestamp="2023-05-09T14:45:14 EEST" skipped="0">
  <testcase classname="testNgSTuff.FlightBookingTest" name="SignUp" time="0.020"/>
  <system-out/>
  <testcase classname="testNgSTuff.FlightBookingTest" name="Login" time="0.002"/>
  <system-out/>
  <testcase classname="testNgSTuff.FlightBookingTest" name="SearchForFlight" time="0.003"/>
  <system-out/>
  <testcase classname="testNgSTuff.FlightBookingTest" name="Booking" time="0.005"/>
  <system-out/>
</testsuite> <!-- testNgSTuff.FlightBookingTest -->
