<?xml version="1.0" encoding="UTF-8"?>
<!-- Generated by org.testng.reporters.JUnitReportReporter -->
<testsuite hostname="HP-PC" failures="0" tests="1" name="testNgSTuff.groups.FirstTestGrouping" time="0.021" errors="0" timestamp="2023-05-10T10:23:11 EEST" skipped="0">
  <testcase classname="testNgSTuff.groups.FirstTestGrouping" name="Test3" time="0.021"/>
  <system-out/>
</testsuite> <!-- testNgSTuff.groups.FirstTestGrouping -->
